2023-09-14 12:34:45.1267||Microsoft.AspNetCore.Mvc.Infrastructure.ControllerActionInvoker|INFO|Executed action method DigitalPrinting.Controllers.MultiplePrintingController.GeneratePdf (DigitalPrinting), returned result Microsoft.AspNetCore.Mvc.BadRequestObjectResult in 67.0751ms. |url:|action:|request-info:|response-info:|response-content:|error:
2023-09-14 12:34:45.1804||Microsoft.AspNetCore.Mvc.Infrastructure.ControllerActionInvoker|TRACE|Action Filter: Before executing OnActionExecuted on filter Microsoft.AspNetCore.Mvc.Infrastructure.ModelStateInvalidFilter. |url:|action:|request-info:|response-info:|response-content:|error:
2023-09-14 12:34:45.1804||Microsoft.AspNetCore.Mvc.Infrastructure.ControllerActionInvoker|TRACE|Action Filter: After executing OnActionExecuted on filter Microsoft.AspNetCore.Mvc.Infrastructure.ModelStateInvalidFilter. |url:|action:|request-info:|response-info:|response-content:|error:
2023-09-14 12:34:45.1804||Microsoft.AspNetCore.Mvc.Infrastructure.ControllerActionInvoker|TRACE|Action Filter: Before executing OnActionExecuted on filter Microsoft.AspNetCore.Mvc.ModelBinding.UnsupportedContentTypeFilter. |url:|action:|request-info:|response-info:|response-content:|error:
2023-09-14 12:34:45.1804||Microsoft.AspNetCore.Mvc.Infrastructure.ControllerActionInvoker|TRACE|Action Filter: After executing OnActionExecuted on filter Microsoft.AspNetCore.Mvc.ModelBinding.UnsupportedContentTypeFilter. |url:|action:|request-info:|response-info:|response-content:|error:
2023-09-14 12:34:45.1804||Microsoft.AspNetCore.Mvc.Infrastructure.ControllerActionInvoker|TRACE|Result Filter: Before executing OnResultExecuting on filter Microsoft.AspNetCore.Mvc.Infrastructure.ClientErrorResultFilter. |url:|action:|request-info:|response-info:|response-content:|error:
2023-09-14 12:34:45.1804||Microsoft.AspNetCore.Mvc.Infrastructure.ControllerActionInvoker|TRACE|Result Filter: After executing OnResultExecuting on filter Microsoft.AspNetCore.Mvc.Infrastructure.ClientErrorResultFilter. |url:|action:|request-info:|response-info:|response-content:|error:
2023-09-14 12:34:45.1804||Microsoft.AspNetCore.Mvc.Infrastructure.ControllerActionInvoker|TRACE|Before executing action result Microsoft.AspNetCore.Mvc.BadRequestObjectResult. |url:|action:|request-info:|response-info:|response-content:|error:
2023-09-14 12:34:45.1804||Microsoft.AspNetCore.Mvc.Infrastructure.DefaultOutputFormatterSelector|DEBUG|List of registered output formatters, in the following order: Microsoft.AspNetCore.Mvc.Formatters.HttpNoContentOutputFormatter, Microsoft.AspNetCore.Mvc.Formatters.StringOutputFormatter, Microsoft.AspNetCore.Mvc.Formatters.StreamOutputFormatter, Microsoft.AspNetCore.Mvc.Formatters.SystemTextJsonOutputFormatter |url:|action:|request-info:|response-info:|response-content:|error:
2023-09-14 12:34:45.1804||Microsoft.AspNetCore.Mvc.Infrastructure.DefaultOutputFormatterSelector|DEBUG|No information found on request to perform content negotiation. |url:|action:|request-info:|response-info:|response-content:|error:
2023-09-14 12:34:45.1804||Microsoft.AspNetCore.Mvc.Infrastructure.DefaultOutputFormatterSelector|DEBUG|Attempting to select an output formatter without using a content type as no explicit content types were specified for the response. |url:|action:|request-info:|response-info:|response-content:|error:
2023-09-14 12:34:45.1804||Microsoft.AspNetCore.Mvc.Infrastructure.DefaultOutputFormatterSelector|DEBUG|Attempting to select the first formatter in the output formatters list which can write the result. |url:|action:|request-info:|response-info:|response-content:|error:
2023-09-14 12:34:45.1804||Microsoft.AspNetCore.Mvc.Infrastructure.DefaultOutputFormatterSelector|DEBUG|Selected output formatter 'Microsoft.AspNetCore.Mvc.Formatters.StringOutputFormatter' and content type 'text/plain' to write the response. |url:|action:|request-info:|response-info:|response-content:|error:
2023-09-14 12:34:45.1804||Microsoft.AspNetCore.Mvc.Infrastructure.ObjectResultExecutor|INFO|Executing BadRequestObjectResult, writing value of type 'System.String'. |url:|action:|request-info:|response-info:|response-content:|error:
2023-09-14 12:34:45.1804||Microsoft.AspNetCore.Mvc.Infrastructure.ControllerActionInvoker|TRACE|After executing action result Microsoft.AspNetCore.Mvc.BadRequestObjectResult. |url:|action:|request-info:|response-info:|response-content:|error:
2023-09-14 12:34:45.1804||Microsoft.AspNetCore.Mvc.Infrastructure.ControllerActionInvoker|TRACE|Result Filter: Before executing OnResultExecuted on filter Microsoft.AspNetCore.Mvc.Infrastructure.ClientErrorResultFilter. |url:|action:|request-info:|response-info:|response-content:|error:
2023-09-14 12:34:45.1804||Microsoft.AspNetCore.Mvc.Infrastructure.ControllerActionInvoker|TRACE|Result Filter: After executing OnResultExecuted on filter Microsoft.AspNetCore.Mvc.Infrastructure.ClientErrorResultFilter. |url:|action:|request-info:|response-info:|response-content:|error:
2023-09-14 12:34:45.1804||Microsoft.AspNetCore.Mvc.Infrastructure.ControllerActionInvoker|INFO|Executed action DigitalPrinting.Controllers.MultiplePrintingController.GeneratePdf (DigitalPrinting) in 123.077ms |url:|action:|request-info:|response-info:|response-content:|error:
2023-09-14 12:34:45.1804||Microsoft.AspNetCore.Routing.EndpointMiddleware|INFO|Executed endpoint 'DigitalPrinting.Controllers.MultiplePrintingController.GeneratePdf (DigitalPrinting)' |url:|action:|request-info:|response-info:|response-content:|error:
2023-09-14 12:34:45.1804||DigitalPrinting.Models.RequestResponseLoggingMiddleware|INFO|Response: 400 |url:|action:|request-info:|response-info:|response-content:|error:
2023-09-14 12:34:45.1804||DigitalPrinting.Models.RequestResponseLoggingMiddleware|INFO|Response: 400 |url:|action:|request-info:|response-info:|response-content:|error:
2023-09-14 12:34:45.1804||Microsoft.AspNetCore.Hosting.Diagnostics|INFO|Request finished HTTP/1.1 POST http://localhost:46869/api/MultiplePrinting/GeneratePdf application/json 1848 - 400 - text/plain;+charset=utf-8 125.0529ms |url:|action:|request-info:|response-info:|response-content:|error:
