2023-09-13 16:05:09.2404||Microsoft.Extensions.Hosting.Internal.Host|DEBUG|Hosting starting |url:|action:|request-info:|response-info:|response-content:|error:
2023-09-13 16:05:09.9585||Microsoft.AspNetCore.Hosting.Diagnostics|DEBUG|Loaded hosting startup assembly DigitalPrinting |url:|action:|request-info:|response-info:|response-content:|error:
2023-09-13 16:05:09.9703||Microsoft.AspNetCore.Hosting.Diagnostics|DEBUG|Loaded hosting startup assembly Microsoft.AspNetCore.Watch.BrowserRefresh |url:|action:|request-info:|response-info:|response-content:|error:
2023-09-13 16:05:09.9703||Microsoft.AspNetCore.Hosting.Diagnostics|DEBUG|Loaded hosting startup assembly Microsoft.WebTools.BrowserLink.Net |url:|action:|request-info:|response-info:|response-content:|error:
2023-09-13 16:05:09.9703||Microsoft.Hosting.Lifetime|INFO|Application started. Press Ctrl+C to shut down. |url:|action:|request-info:|response-info:|response-content:|error:
2023-09-13 16:05:09.9703||Microsoft.Hosting.Lifetime|INFO|Hosting environment: Development |url:|action:|request-info:|response-info:|response-content:|error:
2023-09-13 16:05:09.9703||Microsoft.Hosting.Lifetime|INFO|Content root path: C:\Users\umara\Desktop\AKSA Tasks\BackEndC#\DigitalPrinting\DigitalPrinting |url:|action:|request-info:|response-info:|response-content:|error:
2023-09-13 16:05:09.9703||Microsoft.Extensions.Hosting.Internal.Host|DEBUG|Hosting started |url:|action:|request-info:|response-info:|response-content:|error:
2023-09-13 16:05:10.0312||Microsoft.AspNetCore.Hosting.Diagnostics|INFO|Request starting HTTP/1.1 GET http://localhost:46869/swagger/index.html - - |url:|action:|request-info:|response-info:|response-content:|error:
2023-09-13 16:05:10.0872||Microsoft.AspNetCore.HostFiltering.HostFilteringMiddleware|DEBUG|Wildcard detected, all requests with hosts will be allowed. |url:|action:|request-info:|response-info:|response-content:|error:
2023-09-13 16:05:10.0872||Microsoft.AspNetCore.HostFiltering.HostFilteringMiddleware|TRACE|All hosts are allowed. |url:|action:|request-info:|response-info:|response-content:|error:
2023-09-13 16:05:10.5613||Microsoft.AspNetCore.Watch.BrowserRefresh.BrowserRefreshMiddleware|DEBUG|Response markup is scheduled to include browser refresh script injection. |url:|action:|request-info:|response-info:|response-content:|error:
2023-09-13 16:05:10.9319||Microsoft.AspNetCore.Watch.BrowserRefresh.BrowserRefreshMiddleware|DEBUG|Response markup was updated to include browser refresh script injection. |url:|action:|request-info:|response-info:|response-content:|error:
2023-09-13 16:05:10.9546||Microsoft.AspNetCore.Hosting.Diagnostics|INFO|Request finished HTTP/1.1 GET http://localhost:46869/swagger/index.html - - - 200 - text/html;charset=utf-8 920.4695ms |url:|action:|request-info:|response-info:|response-content:|error:
2023-09-13 16:05:11.0673||Microsoft.AspNetCore.Hosting.Diagnostics|INFO|Request starting HTTP/1.1 GET http://localhost:46869/_framework/aspnetcore-browser-refresh.js - - |url:|action:|request-info:|response-info:|response-content:|error:
2023-09-13 16:05:11.0989||Microsoft.AspNetCore.Hosting.Diagnostics|INFO|Request finished HTTP/1.1 GET http://localhost:46869/_framework/aspnetcore-browser-refresh.js - - - 200 12362 application/javascript;+charset=utf-8 30.8773ms |url:|action:|request-info:|response-info:|response-content:|error:
2023-09-13 16:05:11.1453||Microsoft.AspNetCore.Hosting.Diagnostics|INFO|Request starting HTTP/1.1 GET http://localhost:46869/_vs/browserLink - - |url:|action:|request-info:|response-info:|response-content:|error:
2023-09-13 16:05:11.2826||Microsoft.AspNetCore.Hosting.Diagnostics|INFO|Request finished HTTP/1.1 GET http://localhost:46869/_vs/browserLink - - - 200 - text/javascript;+charset=UTF-8 137.2416ms |url:|action:|request-info:|response-info:|response-content:|error:
2023-09-13 16:05:11.6885||Microsoft.AspNetCore.Hosting.Diagnostics|INFO|Request starting HTTP/1.1 GET http://localhost:46869/swagger/v1/swagger.json - - |url:|action:|request-info:|response-info:|response-content:|error:
2023-09-13 16:05:11.6885||Microsoft.AspNetCore.HostFiltering.HostFilteringMiddleware|TRACE|All hosts are allowed. |url:|action:|request-info:|response-info:|response-content:|error:
2023-09-13 16:05:12.0279||Microsoft.AspNetCore.Diagnostics.DeveloperExceptionPageMiddleware|ERROR|An unhandled exception has occurred while executing the request. Swashbuckle.AspNetCore.SwaggerGen.SwaggerGeneratorException: Ambiguous HTTP method for action - DigitalPrinting.Controllers.MultiplePrintingController.CreatePdfFromImages (DigitalPrinting). Actions require an explicit HttpMethod binding for Swagger/OpenAPI 3.0
   at Swashbuckle.AspNetCore.SwaggerGen.SwaggerGenerator.GenerateOperations(IEnumerable`1 apiDescriptions, SchemaRepository schemaRepository)
   at Swashbuckle.AspNetCore.SwaggerGen.SwaggerGenerator.GeneratePaths(IEnumerable`1 apiDescriptions, SchemaRepository schemaRepository)
   at Swashbuckle.AspNetCore.SwaggerGen.SwaggerGenerator.GetSwagger(String documentName, String host, String basePath)
   at Swashbuckle.AspNetCore.Swagger.SwaggerMiddleware.Invoke(HttpContext httpContext, ISwaggerProvider swaggerProvider)
   at Microsoft.AspNetCore.Diagnostics.DeveloperExceptionPageMiddleware.Invoke(HttpContext context)|url:|action:|request-info:|response-info:|response-content:|error:
2023-09-13 16:05:12.1277||Microsoft.AspNetCore.Hosting.Diagnostics|INFO|Request finished HTTP/1.1 GET http://localhost:46869/swagger/v1/swagger.json - - - 500 - text/plain 439.2114ms |url:|action:|request-info:|response-info:|response-content:|error:
2023-09-13 16:05:33.6415||Microsoft.AspNetCore.Hosting.Diagnostics|INFO|Request starting HTTP/1.1 POST http://localhost:46869/api/MultiplePrinting/GeneratePdf application/json 1848 |url:|action:|request-info:|response-info:|response-content:|error:
2023-09-13 16:05:33.6415||Microsoft.AspNetCore.HostFiltering.HostFilteringMiddleware|TRACE|All hosts are allowed. |url:|action:|request-info:|response-info:|response-content:|error:
2023-09-13 16:05:33.6865||Microsoft.AspNetCore.StaticFiles.StaticFileMiddleware|DEBUG|POST requests are not supported |url:|action:|request-info:|response-info:|response-content:|error:
2023-09-13 16:05:33.7911||Microsoft.AspNetCore.Routing.Matching.DfaMatcher|DEBUG|1 candidate(s) found for the request path '/api/MultiplePrinting/GeneratePdf' |url:|action:|request-info:|response-info:|response-content:|error:
2023-09-13 16:05:33.7911||Microsoft.AspNetCore.Routing.Matching.DfaMatcher|DEBUG|Endpoint 'DigitalPrinting.Controllers.MultiplePrintingController.GeneratePdf (DigitalPrinting)' with route pattern 'api/MultiplePrinting/GeneratePdf' is valid for the request path '/api/MultiplePrinting/GeneratePdf' |url:|action:|request-info:|response-info:|response-content:|error:
2023-09-13 16:05:33.7911||Microsoft.AspNetCore.Routing.EndpointRoutingMiddleware|DEBUG|Request matched endpoint 'DigitalPrinting.Controllers.MultiplePrintingController.GeneratePdf (DigitalPrinting)' |url:|action:|request-info:|response-info:|response-content:|error:
2023-09-13 16:05:33.8039||Microsoft.AspNetCore.StaticFiles.StaticFileMiddleware|DEBUG|Static files was skipped as the request already matched an endpoint. |url:|action:|request-info:|response-info:|response-content:|error:
2023-09-13 16:05:33.8039||DigitalPrinting.Models.RequestResponseLoggingMiddleware|INFO|Request: POST /api/MultiplePrinting/GeneratePdf |url:|action:|request-info:|response-info:|response-content:|error:
2023-09-13 16:05:33.8039||DigitalPrinting.Models.RequestResponseLoggingMiddleware|INFO|Request: POST /api/MultiplePrinting/GeneratePdf |url:|action:|request-info:|response-info:|response-content:|error:
2023-09-13 16:05:33.8232||Microsoft.AspNetCore.Routing.EndpointMiddleware|INFO|Executing endpoint 'DigitalPrinting.Controllers.MultiplePrintingController.GeneratePdf (DigitalPrinting)' |url:|action:|request-info:|response-info:|response-content:|error:
2023-09-13 16:05:33.8428||Microsoft.AspNetCore.Mvc.ModelBinding.ModelBinderFactory|DEBUG|Registered model binder providers, in the following order: Microsoft.AspNetCore.Mvc.ModelBinding.Binders.BinderTypeModelBinderProvider, Microsoft.AspNetCore.Mvc.ModelBinding.Binders.ServicesModelBinderProvider, Microsoft.AspNetCore.Mvc.ModelBinding.Binders.BodyModelBinderProvider, Microsoft.AspNetCore.Mvc.ModelBinding.Binders.HeaderModelBinderProvider, Microsoft.AspNetCore.Mvc.ModelBinding.Binders.FloatingPointTypeModelBinderProvider, Microsoft.AspNetCore.Mvc.ModelBinding.Binders.EnumTypeModelBinderProvider, Microsoft.AspNetCore.Mvc.ModelBinding.Binders.DateTimeModelBinderProvider, Microsoft.AspNetCore.Mvc.ModelBinding.Binders.SimpleTypeModelBinderProvider, Microsoft.AspNetCore.Mvc.ModelBinding.Binders.CancellationTokenModelBinderProvider, Microsoft.AspNetCore.Mvc.ModelBinding.Binders.ByteArrayModelBinderProvider, Microsoft.AspNetCore.Mvc.ModelBinding.Binders.FormFileModelBinderProvider, Microsoft.AspNetCore.Mvc.ModelBinding.Binders.FormCollectionModelBinderProvider, Microsoft.AspNetCore.Mvc.ModelBinding.Binders.KeyValuePairModelBinderProvider, Microsoft.AspNetCore.Mvc.ModelBinding.Binders.DictionaryModelBinderProvider, Microsoft.AspNetCore.Mvc.ModelBinding.Binders.ArrayModelBinderProvider, Microsoft.AspNetCore.Mvc.ModelBinding.Binders.CollectionModelBinderProvider, Microsoft.AspNetCore.Mvc.ModelBinding.Binders.ComplexObjectModelBinderProvider |url:|action:|request-info:|response-info:|response-content:|error:
2023-09-13 16:05:33.9389||Microsoft.AspNetCore.Mvc.Infrastructure.ControllerActionInvoker|INFO|Route matched with {action = "GeneratePdf", controller = "MultiplePrinting"}. Executing controller action with signature System.Threading.Tasks.Task`1[Microsoft.AspNetCore.Mvc.IActionResult] GeneratePdf(DigitalPrinting.Models.MultipleImagesRequest) on controller DigitalPrinting.Controllers.MultiplePrintingController (DigitalPrinting). |url:|action:|request-info:|response-info:|response-content:|error:
2023-09-13 16:05:33.9433||Microsoft.AspNetCore.Mvc.Infrastructure.ControllerActionInvoker|DEBUG|Execution plan of authorization filters (in the following order): None |url:|action:|request-info:|response-info:|response-content:|error:
2023-09-13 16:05:33.9433||Microsoft.AspNetCore.Mvc.Infrastructure.ControllerActionInvoker|DEBUG|Execution plan of resource filters (in the following order): None |url:|action:|request-info:|response-info:|response-content:|error:
2023-09-13 16:05:33.9433||Microsoft.AspNetCore.Mvc.Infrastructure.ControllerActionInvoker|DEBUG|Execution plan of action filters (in the following order): Microsoft.AspNetCore.Mvc.ModelBinding.UnsupportedContentTypeFilter (Order: -3000), Microsoft.AspNetCore.Mvc.Infrastructure.ModelStateInvalidFilter (Order: -2000) |url:|action:|request-info:|response-info:|response-content:|error:
2023-09-13 16:05:33.9433||Microsoft.AspNetCore.Mvc.Infrastructure.ControllerActionInvoker|DEBUG|Execution plan of exception filters (in the following order): None |url:|action:|request-info:|response-info:|response-content:|error:
2023-09-13 16:05:33.9433||Microsoft.AspNetCore.Mvc.Infrastructure.ControllerActionInvoker|DEBUG|Execution plan of result filters (in the following order): Microsoft.AspNetCore.Mvc.Infrastructure.ClientErrorResultFilter (Order: -2000) |url:|action:|request-info:|response-info:|response-content:|error:
2023-09-13 16:05:33.9433||Microsoft.AspNetCore.Mvc.Infrastructure.ControllerActionInvoker|DEBUG|Executing controller factory for controller DigitalPrinting.Controllers.MultiplePrintingController (DigitalPrinting) |url:|action:|request-info:|response-info:|response-content:|error:
2023-09-13 16:05:33.9433||Microsoft.AspNetCore.Mvc.Infrastructure.ControllerActionInvoker|DEBUG|Executed controller factory for controller DigitalPrinting.Controllers.MultiplePrintingController (DigitalPrinting) |url:|action:|request-info:|response-info:|response-content:|error:
2023-09-13 16:05:33.9617||Microsoft.AspNetCore.Mvc.ModelBinding.ParameterBinder|DEBUG|Attempting to bind parameter 'request' of type 'DigitalPrinting.Models.MultipleImagesRequest' ... |url:|action:|request-info:|response-info:|response-content:|error:
2023-09-13 16:05:33.9617||Microsoft.AspNetCore.Mvc.ModelBinding.Binders.BodyModelBinder|DEBUG|Attempting to bind parameter 'request' of type 'DigitalPrinting.Models.MultipleImagesRequest' using the name '' in request data ... |url:|action:|request-info:|response-info:|response-content:|error:
2023-09-13 16:05:33.9617||Microsoft.AspNetCore.Mvc.ModelBinding.Binders.BodyModelBinder|DEBUG|Selected input formatter 'Microsoft.AspNetCore.Mvc.Formatters.SystemTextJsonInputFormatter' for content type 'application/json'. |url:|action:|request-info:|response-info:|response-content:|error:
2023-09-13 16:05:34.0865||Microsoft.AspNetCore.Mvc.Formatters.SystemTextJsonInputFormatter|DEBUG|JSON input formatter succeeded, deserializing to type 'DigitalPrinting.Models.MultipleImagesRequest' |url:|action:|request-info:|response-info:|response-content:|error:
2023-09-13 16:05:34.0865||Microsoft.AspNetCore.Mvc.ModelBinding.Binders.BodyModelBinder|DEBUG|Done attempting to bind parameter 'request' of type 'DigitalPrinting.Models.MultipleImagesRequest'. |url:|action:|request-info:|response-info:|response-content:|error:
2023-09-13 16:05:34.0865||Microsoft.AspNetCore.Mvc.ModelBinding.ParameterBinder|DEBUG|Done attempting to bind parameter 'request' of type 'DigitalPrinting.Models.MultipleImagesRequest'. |url:|action:|request-info:|response-info:|response-content:|error:
2023-09-13 16:05:34.0865||Microsoft.AspNetCore.Mvc.ModelBinding.ParameterBinder|DEBUG|Attempting to validate the bound parameter 'request' of type 'DigitalPrinting.Models.MultipleImagesRequest' ... |url:|action:|request-info:|response-info:|response-content:|error:
2023-09-13 16:05:34.1015||Microsoft.AspNetCore.Mvc.ModelBinding.ParameterBinder|DEBUG|Done attempting to validate the bound parameter 'request' of type 'DigitalPrinting.Models.MultipleImagesRequest'. |url:|action:|request-info:|response-info:|response-content:|error:
2023-09-13 16:05:34.1015||Microsoft.AspNetCore.Mvc.Infrastructure.ControllerActionInvoker|TRACE|Action Filter: Before executing OnActionExecuting on filter Microsoft.AspNetCore.Mvc.ModelBinding.UnsupportedContentTypeFilter. |url:|action:|request-info:|response-info:|response-content:|error:
2023-09-13 16:05:34.1015||Microsoft.AspNetCore.Mvc.Infrastructure.ControllerActionInvoker|TRACE|Action Filter: After executing OnActionExecuting on filter Microsoft.AspNetCore.Mvc.ModelBinding.UnsupportedContentTypeFilter. |url:|action:|request-info:|response-info:|response-content:|error:
2023-09-13 16:05:34.1015||Microsoft.AspNetCore.Mvc.Infrastructure.ControllerActionInvoker|TRACE|Action Filter: Before executing OnActionExecuting on filter Microsoft.AspNetCore.Mvc.Infrastructure.ModelStateInvalidFilter. |url:|action:|request-info:|response-info:|response-content:|error:
2023-09-13 16:05:34.1015||Microsoft.AspNetCore.Mvc.Infrastructure.ControllerActionInvoker|TRACE|Action Filter: After executing OnActionExecuting on filter Microsoft.AspNetCore.Mvc.Infrastructure.ModelStateInvalidFilter. |url:|action:|request-info:|response-info:|response-content:|error:
2023-09-13 16:05:34.1189||Microsoft.AspNetCore.Mvc.Infrastructure.ControllerActionInvoker|INFO|Executing action method DigitalPrinting.Controllers.MultiplePrintingController.GeneratePdf (DigitalPrinting) - Validation state: Valid |url:|action:|request-info:|response-info:|response-content:|error:
2023-09-13 16:05:34.1189||Microsoft.AspNetCore.Mvc.Infrastructure.ControllerActionInvoker|TRACE|Executing action method DigitalPrinting.Controllers.MultiplePrintingController.GeneratePdf (DigitalPrinting) with arguments (DigitalPrinting.Models.MultipleImagesRequest) |url:|action:|request-info:|response-info:|response-content:|error:
2023-09-13 16:05:36.2970||Microsoft.AspNetCore.Routing.DefaultLinkGenerator|DEBUG|Found the endpoints DigitalPrinting.Controllers.MultiplePrintingController.GetPdf (DigitalPrinting) for address Microsoft.AspNetCore.Routing.RouteValuesAddress |url:|action:|request-info:|response-info:|response-content:|error:
2023-09-13 16:05:36.3258||Microsoft.AspNetCore.Routing.DefaultLinkGenerator|DEBUG|Successfully processed template api/MultiplePrinting/GetPdf for DigitalPrinting.Controllers.MultiplePrintingController.GetPdf (DigitalPrinting) resulting in /api/MultiplePrinting/GetPdf and ?pdfName=my_custom2_pdf.pdf |url:|action:|request-info:|response-info:|response-content:|error:
2023-09-13 16:05:36.3258||Microsoft.AspNetCore.Routing.DefaultLinkGenerator|DEBUG|Link generation succeeded for endpoints DigitalPrinting.Controllers.MultiplePrintingController.GetPdf (DigitalPrinting) with result /api/MultiplePrinting/GetPdf?pdfName=my_custom2_pdf.pdf |url:|action:|request-info:|response-info:|response-content:|error:
2023-09-13 16:05:36.3358||Microsoft.AspNetCore.Mvc.Infrastructure.ControllerActionInvoker|INFO|Executed action method DigitalPrinting.Controllers.MultiplePrintingController.GeneratePdf (DigitalPrinting), returned result Microsoft.AspNetCore.Mvc.OkObjectResult in 2210.6596ms. |url:|action:|request-info:|response-info:|response-content:|error:
2023-09-13 16:05:36.3358||Microsoft.AspNetCore.Mvc.Infrastructure.ControllerActionInvoker|TRACE|Action Filter: Before executing OnActionExecuted on filter Microsoft.AspNetCore.Mvc.Infrastructure.ModelStateInvalidFilter. |url:|action:|request-info:|response-info:|response-content:|error:
2023-09-13 16:05:36.3358||Microsoft.AspNetCore.Mvc.Infrastructure.ControllerActionInvoker|TRACE|Action Filter: After executing OnActionExecuted on filter Microsoft.AspNetCore.Mvc.Infrastructure.ModelStateInvalidFilter. |url:|action:|request-info:|response-info:|response-content:|error:
2023-09-13 16:05:36.3358||Microsoft.AspNetCore.Mvc.Infrastructure.ControllerActionInvoker|TRACE|Action Filter: Before executing OnActionExecuted on filter Microsoft.AspNetCore.Mvc.ModelBinding.UnsupportedContentTypeFilter. |url:|action:|request-info:|response-info:|response-content:|error:
2023-09-13 16:05:36.3358||Microsoft.AspNetCore.Mvc.Infrastructure.ControllerActionInvoker|TRACE|Action Filter: After executing OnActionExecuted on filter Microsoft.AspNetCore.Mvc.ModelBinding.UnsupportedContentTypeFilter. |url:|action:|request-info:|response-info:|response-content:|error:
2023-09-13 16:05:36.3358||Microsoft.AspNetCore.Mvc.Infrastructure.ControllerActionInvoker|TRACE|Result Filter: Before executing OnResultExecuting on filter Microsoft.AspNetCore.Mvc.Infrastructure.ClientErrorResultFilter. |url:|action:|request-info:|response-info:|response-content:|error:
2023-09-13 16:05:36.3358||Microsoft.AspNetCore.Mvc.Infrastructure.ControllerActionInvoker|TRACE|Result Filter: After executing OnResultExecuting on filter Microsoft.AspNetCore.Mvc.Infrastructure.ClientErrorResultFilter. |url:|action:|request-info:|response-info:|response-content:|error:
2023-09-13 16:05:36.3358||Microsoft.AspNetCore.Mvc.Infrastructure.ControllerActionInvoker|TRACE|Before executing action result Microsoft.AspNetCore.Mvc.OkObjectResult. |url:|action:|request-info:|response-info:|response-content:|error:
2023-09-13 16:05:36.3878||Microsoft.AspNetCore.Mvc.Infrastructure.DefaultOutputFormatterSelector|DEBUG|List of registered output formatters, in the following order: Microsoft.AspNetCore.Mvc.Formatters.HttpNoContentOutputFormatter, Microsoft.AspNetCore.Mvc.Formatters.StringOutputFormatter, Microsoft.AspNetCore.Mvc.Formatters.StreamOutputFormatter, Microsoft.AspNetCore.Mvc.Formatters.SystemTextJsonOutputFormatter |url:|action:|request-info:|response-info:|response-content:|error:
2023-09-13 16:05:36.3878||Microsoft.AspNetCore.Mvc.Infrastructure.DefaultOutputFormatterSelector|DEBUG|No information found on request to perform content negotiation. |url:|action:|request-info:|response-info:|response-content:|error:
2023-09-13 16:05:36.3878||Microsoft.AspNetCore.Mvc.Infrastructure.DefaultOutputFormatterSelector|DEBUG|Attempting to select an output formatter without using a content type as no explicit content types were specified for the response. |url:|action:|request-info:|response-info:|response-content:|error:
2023-09-13 16:05:36.3878||Microsoft.AspNetCore.Mvc.Infrastructure.DefaultOutputFormatterSelector|DEBUG|Attempting to select the first formatter in the output formatters list which can write the result. |url:|action:|request-info:|response-info:|response-content:|error:
2023-09-13 16:05:36.3878||Microsoft.AspNetCore.Mvc.Infrastructure.DefaultOutputFormatterSelector|DEBUG|Selected output formatter 'Microsoft.AspNetCore.Mvc.Formatters.SystemTextJsonOutputFormatter' and content type 'application/json' to write the response. |url:|action:|request-info:|response-info:|response-content:|error:
2023-09-13 16:05:36.3978||Microsoft.AspNetCore.Mvc.Infrastructure.ObjectResultExecutor|INFO|Executing OkObjectResult, writing value of type '<>f__AnonymousType1`1[[System.String, System.Private.CoreLib, Version=5.0.0.0, Culture=neutral, PublicKeyToken=7cec85d7bea7798e]]'. |url:|action:|request-info:|response-info:|response-content:|error:
2023-09-13 16:05:36.4735||Microsoft.AspNetCore.Mvc.Infrastructure.ControllerActionInvoker|TRACE|After executing action result Microsoft.AspNetCore.Mvc.OkObjectResult. |url:|action:|request-info:|response-info:|response-content:|error:
2023-09-13 16:05:36.4735||Microsoft.AspNetCore.Mvc.Infrastructure.ControllerActionInvoker|TRACE|Result Filter: Before executing OnResultExecuted on filter Microsoft.AspNetCore.Mvc.Infrastructure.ClientErrorResultFilter. |url:|action:|request-info:|response-info:|response-content:|error:
2023-09-13 16:05:36.4735||Microsoft.AspNetCore.Mvc.Infrastructure.ControllerActionInvoker|TRACE|Result Filter: After executing OnResultExecuted on filter Microsoft.AspNetCore.Mvc.Infrastructure.ClientErrorResultFilter. |url:|action:|request-info:|response-info:|response-content:|error:
2023-09-13 16:05:36.4845||Microsoft.AspNetCore.Mvc.Infrastructure.ControllerActionInvoker|INFO|Executed action DigitalPrinting.Controllers.MultiplePrintingController.GeneratePdf (DigitalPrinting) in 2529.7185ms |url:|action:|request-info:|response-info:|response-content:|error:
2023-09-13 16:05:36.4845||Microsoft.AspNetCore.Routing.EndpointMiddleware|INFO|Executed endpoint 'DigitalPrinting.Controllers.MultiplePrintingController.GeneratePdf (DigitalPrinting)' |url:|action:|request-info:|response-info:|response-content:|error:
2023-09-13 16:05:36.4845||DigitalPrinting.Models.RequestResponseLoggingMiddleware|INFO|Response: 200 |url:|action:|request-info:|response-info:|response-content:|error:
2023-09-13 16:05:36.4845||DigitalPrinting.Models.RequestResponseLoggingMiddleware|INFO|Response: 200 |url:|action:|request-info:|response-info:|response-content:|error:
2023-09-13 16:05:36.5074||Microsoft.AspNetCore.Hosting.Diagnostics|INFO|Request finished HTTP/1.1 POST http://localhost:46869/api/MultiplePrinting/GeneratePdf application/json 1848 - 200 - application/json;+charset=utf-8 2866.1221ms |url:|action:|request-info:|response-info:|response-content:|error:
